<?xml version='1.0' encoding='UTF-8'?>
<testsuite hostname="Rauls-MacBook-Pro.local" name="fx.ContTests-1" tests="1" errors="0" failures="0" skipped="0" time="-0.001" timestamp="2021-11-10T23:02:32">
          <properties>
[...]
</properties>
          <testcase classname="fx.ContTests-1" name="Cont laws.happy path" time="-0.001">
                      
                    </testcase>
          <system-out><![CDATA[]]></system-out>
          <system-err><![CDATA[]]></system-err>
        </testsuite>